<?xml version="1.0" encoding="UTF-8"?>
<!-- Generated by org.testng.reporters.JUnitXMLReporter -->
<testsuite hostname="TR-2LJZZY2" name="Login Test" tests="1" failures="1" timestamp="25 Aug 2021 05:41:26 GMT" time="0.635" errors="0">
  <testcase name="login" time="0.012" classname="testcases.LoginTest">
    <failure type="java.lang.AssertionError" message="404 error">
      <![CDATA[java.lang.AssertionError: 404 error
	at testcases.LoginTest.login(LoginTest.java:42)
... Removed 26 stack frames]]>
    </failure>
  </testcase> <!-- login -->
</testsuite> <!-- Login Test -->
