<?xml version="1.0" encoding="UTF-8"?>
<testng-results skipped="0" failed="0" total="1" passed="1">
  <reporter-output>
  </reporter-output>
  <suite name="Default suite" duration-ms="10980" started-at="2021-09-24T05:26:18Z" finished-at="2021-09-24T05:26:29Z">
    <groups>
    </groups>
    <test name="Default test" duration-ms="10980" started-at="2021-09-24T05:26:18Z" finished-at="2021-09-24T05:26:29Z">
      <class name="testcases.LoginTest">
        <test-method status="PASS" signature="init()[pri:0, instance:testcases.LoginTest@42dafa95]" name="init" is-config="true" duration-ms="280" started-at="2021-09-24T10:56:18Z" finished-at="2021-09-24T10:56:18Z">
          <reporter-output>
          </reporter-output>
        </test-method> <!-- init -->
        <test-method status="PASS" signature="logintochrome()[pri:0, instance:testcases.LoginTest@42dafa95]" name="logintochrome" duration-ms="10672" started-at="2021-09-24T10:56:18Z" finished-at="2021-09-24T10:56:29Z">
          <reporter-output>
          </reporter-output>
        </test-method> <!-- logintochrome -->
      </class> <!-- testcases.LoginTest -->
    </test> <!-- Default test -->
  </suite> <!-- Default suite -->
</testng-results>
